Simple mixer control 'PCM',0
  Capabilities: pvolume pvolume-joined pswitch pswitch-joined
  Playback channels: Mono
  Limits: Playback -10239 - 400
  Mono: Playback -663 [90%] [-6.63dB] [on]
Simple mixer control 'PCM',0
  Capabilities: pvolume pvolume-joined pswitch pswitch-joined
  Playback channels: Mono
  Limits: Playback -10239 - 400
  Mono: Playback -663 [90%] [-6.63dB] [on]
Simple mixer control 'PCM',0
  Capabilities: pvolume pvolume-joined pswitch pswitch-joined
  Playback channels: Mono
  Limits: Playback -10239 - 400
  Mono: Playback -663 [90%] [-6.63dB] [on]
Simple mixer control 'PCM',0
  Capabilities: pvolume pvolume-joined pswitch pswitch-joined
  Playback channels: Mono
  Limits: Playback -10239 - 400
  Mono: Playback -663 [90%] [-6.63dB] [on]
Simple mixer control 'PCM',0
  Capabilities: pvolume pvolume-joined pswitch pswitch-joined
  Playback channels: Mono
  Limits: Playback -10239 - 400
  Mono: Playback -663 [90%] [-6.63dB] [on]
Simple mixer control 'PCM',0
  Capabilities: pvolume pvolume-joined pswitch pswitch-joined
  Playback channels: Mono
  Limits: Playback -10239 - 400
  Mono: Playback -663 [90%] [-6.63dB] [on]
Simple mixer control 'PCM',0
  Capabilities: pvolume pvolume-joined pswitch pswitch-joined
  Playback channels: Mono
  Limits: Playback -10239 - 400
  Mono: Playback -663 [90%] [-6.63dB] [on]
Simple mixer control 'PCM',0
  Capabilities: pvolume pvolume-joined pswitch pswitch-joined
  Playback channels: Mono
  Limits: Playback -10239 - 400
  Mono: Playback -663 [90%] [-6.63dB] [on]
