amixer: Mixer attach default error: No such file or directory
Traceback (most recent call last):
  File "/home/pi/CMM/servidor.py", line 5, in <module>
    from biblioteca_CMM_oficial import Rele,Evento
  File "/home/pi/CMM/biblioteca_CMM_oficial.py", line 43, in <module>
    bus = smbus.SMBus(1) # esta linha especifica qual dispositivo I2C a ser usado. 1 significa que o dispositivo I2C está localizado em / dev / I2C-1
PermissionError: [Errno 13] Permission denied
amixer: Mixer attach default error: No such file or directory
Traceback (most recent call last):
  File "/home/pi/CMM/servidor.py", line 5, in <module>
    from biblioteca_CMM_oficial import Rele,Evento
  File "/home/pi/CMM/biblioteca_CMM_oficial.py", line 43, in <module>
    bus = smbus.SMBus(1) # esta linha especifica qual dispositivo I2C a ser usado. 1 significa que o dispositivo I2C está localizado em / dev / I2C-1
PermissionError: [Errno 13] Permission denied
amixer: Mixer attach default error: No such file or directory
Traceback (most recent call last):
  File "/home/pi/CMM/servidor.py", line 5, in <module>
    from biblioteca_CMM_oficial import Rele,Evento
  File "/home/pi/CMM/biblioteca_CMM_oficial.py", line 43, in <module>
    bus = smbus.SMBus(1) # esta linha especifica qual dispositivo I2C a ser usado. 1 significa que o dispositivo I2C está localizado em / dev / I2C-1
PermissionError: [Errno 13] Permission denied
amixer: Mixer attach default error: No such file or directory
Traceback (most recent call last):
  File "/home/pi/CMM/servidor.py", line 5, in <module>
    from biblioteca_CMM_oficial import Rele,Evento
  File "/home/pi/CMM/biblioteca_CMM_oficial.py", line 43, in <module>
    bus = smbus.SMBus(1) # esta linha especifica qual dispositivo I2C a ser usado. 1 significa que o dispositivo I2C está localizado em / dev / I2C-1
PermissionError: [Errno 13] Permission denied
amixer: Mixer attach default error: No such file or directory
Traceback (most recent call last):
  File "/home/pi/CMM/servidor.py", line 5, in <module>
    from biblioteca_CMM_oficial import Rele,Evento
  File "/home/pi/CMM/biblioteca_CMM_oficial.py", line 43, in <module>
    bus = smbus.SMBus(1) # esta linha especifica qual dispositivo I2C a ser usado. 1 significa que o dispositivo I2C está localizado em / dev / I2C-1
PermissionError: [Errno 13] Permission denied
amixer: Mixer attach default error: No such file or directory
Traceback (most recent call last):
  File "/home/pi/CMM/servidor.py", line 5, in <module>
    from biblioteca_CMM_oficial import Rele,Evento
  File "/home/pi/CMM/biblioteca_CMM_oficial.py", line 43, in <module>
    bus = smbus.SMBus(1) # esta linha especifica qual dispositivo I2C a ser usado. 1 significa que o dispositivo I2C está localizado em / dev / I2C-1
PermissionError: [Errno 13] Permission denied
amixer: Mixer attach default error: No such file or directory
Traceback (most recent call last):
  File "/home/pi/CMM/servidor.py", line 5, in <module>
    from biblioteca_CMM_oficial import Rele,Evento
  File "/home/pi/CMM/biblioteca_CMM_oficial.py", line 43, in <module>
    bus = smbus.SMBus(1) # esta linha especifica qual dispositivo I2C a ser usado. 1 significa que o dispositivo I2C está localizado em / dev / I2C-1
PermissionError: [Errno 13] Permission denied
amixer: Mixer attach default error: No such file or directory
Traceback (most recent call last):
  File "/home/pi/CMM/servidor.py", line 5, in <module>
    from biblioteca_CMM_oficial import Rele,Evento
  File "/home/pi/CMM/biblioteca_CMM_oficial.py", line 43, in <module>
    bus = smbus.SMBus(1) # esta linha especifica qual dispositivo I2C a ser usado. 1 significa que o dispositivo I2C está localizado em / dev / I2C-1
PermissionError: [Errno 13] Permission denied
amixer: Mixer attach default error: No such file or directory
Traceback (most recent call last):
  File "/home/pi/CMM/servidor.py", line 5, in <module>
    from biblioteca_CMM_oficial import Rele,Evento
  File "/home/pi/CMM/biblioteca_CMM_oficial.py", line 43, in <module>
    bus = smbus.SMBus(1) # esta linha especifica qual dispositivo I2C a ser usado. 1 significa que o dispositivo I2C está localizado em / dev / I2C-1
PermissionError: [Errno 13] Permission denied
amixer: Mixer attach default error: No such file or directory
Traceback (most recent call last):
  File "/home/pi/CMM/servidor.py", line 5, in <module>
    from biblioteca_CMM_oficial import Rele,Evento
  File "/home/pi/CMM/biblioteca_CMM_oficial.py", line 43, in <module>
    bus = smbus.SMBus(1) # esta linha especifica qual dispositivo I2C a ser usado. 1 significa que o dispositivo I2C está localizado em / dev / I2C-1
PermissionError: [Errno 13] Permission denied
amixer: Mixer attach default error: No such file or directory
Traceback (most recent call last):
  File "/home/pi/CMM/servidor.py", line 5, in <module>
    from biblioteca_CMM_oficial import Rele,Evento
  File "/home/pi/CMM/biblioteca_CMM_oficial.py", line 43, in <module>
    bus = smbus.SMBus(1) # esta linha especifica qual dispositivo I2C a ser usado. 1 significa que o dispositivo I2C está localizado em / dev / I2C-1
PermissionError: [Errno 13] Permission denied
amixer: Mixer attach default error: No such file or directory
Traceback (most recent call last):
  File "/home/pi/CMM/servidor.py", line 5, in <module>
    from biblioteca_CMM_oficial import Rele,Evento
  File "/home/pi/CMM/biblioteca_CMM_oficial.py", line 43, in <module>
    bus = smbus.SMBus(1) # esta linha especifica qual dispositivo I2C a ser usado. 1 significa que o dispositivo I2C está localizado em / dev / I2C-1
PermissionError: [Errno 13] Permission denied
amixer: Mixer attach default error: No such file or directory
Traceback (most recent call last):
  File "/home/pi/CMM/servidor.py", line 5, in <module>
    from biblioteca_CMM_oficial import Rele,Evento
  File "/home/pi/CMM/biblioteca_CMM_oficial.py", line 43, in <module>
    bus = smbus.SMBus(1) # esta linha especifica qual dispositivo I2C a ser usado. 1 significa que o dispositivo I2C está localizado em / dev / I2C-1
PermissionError: [Errno 13] Permission denied
amixer: Mixer attach default error: No such file or directory
Traceback (most recent call last):
  File "/home/pi/CMM/servidor.py", line 5, in <module>
    from biblioteca_CMM_oficial import Rele,Evento
  File "/home/pi/CMM/biblioteca_CMM_oficial.py", line 43, in <module>
    bus = smbus.SMBus(1) # esta linha especifica qual dispositivo I2C a ser usado. 1 significa que o dispositivo I2C está localizado em / dev / I2C-1
PermissionError: [Errno 13] Permission denied
amixer: Mixer attach default error: No such file or directory
Traceback (most recent call last):
  File "/home/pi/CMM/servidor.py", line 5, in <module>
    from biblioteca_CMM_oficial import Rele,Evento
  File "/home/pi/CMM/biblioteca_CMM_oficial.py", line 43, in <module>
    bus = smbus.SMBus(1) # esta linha especifica qual dispositivo I2C a ser usado. 1 significa que o dispositivo I2C está localizado em / dev / I2C-1
PermissionError: [Errno 13] Permission denied
amixer: Mixer attach default error: No such file or directory
Traceback (most recent call last):
  File "/home/pi/CMM/servidor.py", line 5, in <module>
    from biblioteca_CMM_oficial import Rele,Evento
  File "/home/pi/CMM/biblioteca_CMM_oficial.py", line 43, in <module>
    bus = smbus.SMBus(1) # esta linha especifica qual dispositivo I2C a ser usado. 1 significa que o dispositivo I2C está localizado em / dev / I2C-1
PermissionError: [Errno 13] Permission denied
amixer: Mixer attach default error: No such file or directory
Traceback (most recent call last):
  File "/home/pi/CMM/servidor.py", line 5, in <module>
    from biblioteca_CMM_oficial import Rele,Evento
  File "/home/pi/CMM/biblioteca_CMM_oficial.py", line 43, in <module>
    bus = smbus.SMBus(1) # esta linha especifica qual dispositivo I2C a ser usado. 1 significa que o dispositivo I2C está localizado em / dev / I2C-1
PermissionError: [Errno 13] Permission denied
amixer: Mixer attach default error: No such file or directory
Traceback (most recent call last):
  File "/home/pi/CMM/servidor.py", line 5, in <module>
    from biblioteca_CMM_oficial import Rele,Evento
  File "/home/pi/CMM/biblioteca_CMM_oficial.py", line 43, in <module>
    bus = smbus.SMBus(1) # esta linha especifica qual dispositivo I2C a ser usado. 1 significa que o dispositivo I2C está localizado em / dev / I2C-1
PermissionError: [Errno 13] Permission denied
amixer: Mixer attach default error: No such file or directory
Traceback (most recent call last):
  File "/home/pi/CMM/servidor.py", line 5, in <module>
    from biblioteca_CMM_oficial import Rele,Evento
  File "/home/pi/CMM/biblioteca_CMM_oficial.py", line 43, in <module>
    bus = smbus.SMBus(1) # esta linha especifica qual dispositivo I2C a ser usado. 1 significa que o dispositivo I2C está localizado em / dev / I2C-1
PermissionError: [Errno 13] Permission denied
amixer: Mixer attach default error: No such file or directory
Traceback (most recent call last):
  File "/home/pi/CMM/servidor.py", line 5, in <module>
    from biblioteca_CMM_oficial import Rele,Evento
  File "/home/pi/CMM/biblioteca_CMM_oficial.py", line 43, in <module>
    bus = smbus.SMBus(1) # esta linha especifica qual dispositivo I2C a ser usado. 1 significa que o dispositivo I2C está localizado em / dev / I2C-1
PermissionError: [Errno 13] Permission denied
amixer: Mixer attach default error: No such file or directory
Traceback (most recent call last):
  File "/home/pi/CMM/servidor.py", line 5, in <module>
    from biblioteca_CMM_oficial import Rele,Evento
  File "/home/pi/CMM/biblioteca_CMM_oficial.py", line 43, in <module>
    bus = smbus.SMBus(1) # esta linha especifica qual dispositivo I2C a ser usado. 1 significa que o dispositivo I2C está localizado em / dev / I2C-1
PermissionError: [Errno 13] Permission denied
amixer: Mixer attach default error: No such file or directory
Traceback (most recent call last):
  File "/home/pi/CMM/servidor.py", line 5, in <module>
    from biblioteca_CMM_oficial import Rele,Evento
  File "/home/pi/CMM/biblioteca_CMM_oficial.py", line 43, in <module>
    bus = smbus.SMBus(1) # esta linha especifica qual dispositivo I2C a ser usado. 1 significa que o dispositivo I2C está localizado em / dev / I2C-1
PermissionError: [Errno 13] Permission denied
amixer: Mixer attach default error: No such file or directory
Traceback (most recent call last):
  File "/home/pi/CMM/servidor.py", line 5, in <module>
    from biblioteca_CMM_oficial import Rele,Evento
  File "/home/pi/CMM/biblioteca_CMM_oficial.py", line 43, in <module>
    bus = smbus.SMBus(1) # esta linha especifica qual dispositivo I2C a ser usado. 1 significa que o dispositivo I2C está localizado em / dev / I2C-1
PermissionError: [Errno 13] Permission denied
amixer: Mixer attach default error: No such file or directory
Traceback (most recent call last):
  File "/home/pi/CMM/servidor.py", line 5, in <module>
    from biblioteca_CMM_oficial import Rele,Evento
  File "/home/pi/CMM/biblioteca_CMM_oficial.py", line 43, in <module>
    bus = smbus.SMBus(1) # esta linha especifica qual dispositivo I2C a ser usado. 1 significa que o dispositivo I2C está localizado em / dev / I2C-1
PermissionError: [Errno 13] Permission denied
amixer: Mixer attach default error: No such file or directory
Traceback (most recent call last):
  File "/home/pi/CMM/servidor.py", line 5, in <module>
    from biblioteca_CMM_oficial import Rele,Evento
  File "/home/pi/CMM/biblioteca_CMM_oficial.py", line 43, in <module>
    bus = smbus.SMBus(1) # esta linha especifica qual dispositivo I2C a ser usado. 1 significa que o dispositivo I2C está localizado em / dev / I2C-1
PermissionError: [Errno 13] Permission denied
amixer: Mixer attach default error: No such file or directory
Traceback (most recent call last):
  File "/home/pi/CMM/servidor.py", line 5, in <module>
    from biblioteca_CMM_oficial import Rele,Evento
  File "/home/pi/CMM/biblioteca_CMM_oficial.py", line 43, in <module>
    bus = smbus.SMBus(1) # esta linha especifica qual dispositivo I2C a ser usado. 1 significa que o dispositivo I2C está localizado em / dev / I2C-1
PermissionError: [Errno 13] Permission denied
amixer: Mixer attach default error: No such file or directory
Traceback (most recent call last):
  File "/home/pi/CMM/servidor.py", line 5, in <module>
    from biblioteca_CMM_oficial import Rele,Evento
  File "/home/pi/CMM/biblioteca_CMM_oficial.py", line 43, in <module>
    bus = smbus.SMBus(1) # esta linha especifica qual dispositivo I2C a ser usado. 1 significa que o dispositivo I2C está localizado em / dev / I2C-1
PermissionError: [Errno 13] Permission denied
amixer: Mixer attach default error: No such file or directory
Traceback (most recent call last):
  File "/home/pi/CMM/servidor.py", line 5, in <module>
    from biblioteca_CMM_oficial import Rele,Evento
  File "/home/pi/CMM/biblioteca_CMM_oficial.py", line 43, in <module>
    bus = smbus.SMBus(1) # esta linha especifica qual dispositivo I2C a ser usado. 1 significa que o dispositivo I2C está localizado em / dev / I2C-1
PermissionError: [Errno 13] Permission denied
amixer: Mixer attach default error: No such file or directory
Traceback (most recent call last):
  File "/home/pi/CMM/servidor.py", line 5, in <module>
    from biblioteca_CMM_oficial import Rele,Evento
  File "/home/pi/CMM/biblioteca_CMM_oficial.py", line 43, in <module>
    bus = smbus.SMBus(1) # esta linha especifica qual dispositivo I2C a ser usado. 1 significa que o dispositivo I2C está localizado em / dev / I2C-1
PermissionError: [Errno 13] Permission denied
